[2023-03-15 14:10:32.826 -05:00 ERR An error occurred using the connection to database '' on server 'localhost'.
][2023-03-15 14:10:32.938 -05:00 ERR Ocurrio un error durante la migracion
System.InvalidOperationException: An exception has been raised that is likely due to a transient failure. Consider enabling transient error resiliency by adding 'EnableRetryOnFailure()' to the 'UseMySql' call.
 ---> MySqlConnector.MySqlException (0x80004005): Unable to connect to any of the specified MySQL hosts.
   at MySqlConnector.Core.ServerSession.OpenTcpSocketAsync(ConnectionSettings cs, ILoadBalancer loadBalancer, Activity activity, IOBehavior ioBehavior, CancellationToken cancellationToken) in /_/src/MySqlConnector/Core/ServerSession.cs:line 1146
   at MySqlConnector.Core.ServerSession.ConnectAsync(ConnectionSettings cs, MySqlConnection connection, Int32 startTickCount, ILoadBalancer loadBalancer, Activity activity, IOBehavior ioBehavior, CancellationToken cancellationToken) in /_/src/MySqlConnector/Core/ServerSession.cs:line 438
   at MySqlConnector.MySqlConnection.CreateSessionAsync(ConnectionPool pool, Int32 startTickCount, Activity activity, Nullable`1 ioBehavior, CancellationToken cancellationToken) in /_/src/MySqlConnector/MySqlConnection.cs:line 942
   at MySqlConnector.MySqlConnection.CreateSessionAsync(ConnectionPool pool, Int32 startTickCount, Activity activity, Nullable`1 ioBehavior, CancellationToken cancellationToken) in /_/src/MySqlConnector/MySqlConnection.cs:line 948
   at MySqlConnector.MySqlConnection.OpenAsync(Nullable`1 ioBehavior, CancellationToken cancellationToken) in /_/src/MySqlConnector/MySqlConnection.cs:line 423
   at Microsoft.EntityFrameworkCore.Storage.RelationalConnection.OpenInternalAsync(Boolean errorsExpected, CancellationToken cancellationToken)
   at Microsoft.EntityFrameworkCore.Storage.RelationalConnection.OpenInternalAsync(Boolean errorsExpected, CancellationToken cancellationToken)
   at Microsoft.EntityFrameworkCore.Storage.RelationalConnection.OpenAsync(CancellationToken cancellationToken, Boolean errorsExpected)
   at Pomelo.EntityFrameworkCore.MySql.Storage.Internal.MySqlRelationalConnection.OpenAsync(CancellationToken cancellationToken, Boolean errorsExpected)
   at Pomelo.EntityFrameworkCore.MySql.Storage.Internal.MySqlDatabaseCreator.<>c__DisplayClass20_0.<<ExistsAsync>b__0>d.MoveNext()
--- End of stack trace from previous location ---
   at Pomelo.EntityFrameworkCore.MySql.Storage.Internal.MySqlDatabaseCreator.<>c__DisplayClass20_0.<<ExistsAsync>b__0>d.MoveNext()
--- End of stack trace from previous location ---
   at Pomelo.EntityFrameworkCore.MySql.Storage.Internal.MySqlDatabaseCreator.<>c__DisplayClass20_0.<<ExistsAsync>b__0>d.MoveNext()
--- End of stack trace from previous location ---
   at Pomelo.EntityFrameworkCore.MySql.Storage.Internal.MySqlExecutionStrategy.ExecuteAsync[TState,TResult](TState state, Func`4 operation, Func`4 verifySucceeded, CancellationToken cancellationToken)
   --- End of inner exception stack trace ---
   at Pomelo.EntityFrameworkCore.MySql.Storage.Internal.MySqlExecutionStrategy.ExecuteAsync[TState,TResult](TState state, Func`4 operation, Func`4 verifySucceeded, CancellationToken cancellationToken)
   at Microsoft.EntityFrameworkCore.Migrations.HistoryRepository.ExistsAsync(CancellationToken cancellationToken)
   at Microsoft.EntityFrameworkCore.Migrations.Internal.Migrator.MigrateAsync(String targetMigration, CancellationToken cancellationToken)
   at Program.<Main>$(String[] args) in C:\Proyectos\Dotnet\Curso-Udemy-Uniminuto\tienda\API\Program.cs:line 76
][2023-03-15 14:10:33.320 -05:00 INF User profile is available. Using 'C:\Users\luis.mercado.o\AppData\Local\ASP.NET\DataProtection-Keys' as key repository and Windows DPAPI to encrypt keys at rest.
][2023-03-15 14:10:33.528 -05:00 INF Now listening on: http://localhost:5000
][2023-03-15 14:10:33.529 -05:00 INF Application started. Press Ctrl+C to shut down.
][2023-03-15 14:10:33.529 -05:00 INF Hosting environment: Development
][2023-03-15 14:10:33.529 -05:00 INF Content root path: C:\Proyectos\Dotnet\Curso-Udemy-Uniminuto\tienda\API
][2023-03-15 14:11:10.904 -05:00 INF Request starting HTTP/1.1 POST http://localhost:5000/api/WeatherForecast - 0
][2023-03-15 14:11:11.024 -05:00 WRN Failed to determine the https port for redirect.
][2023-03-15 14:11:11.308 -05:00 INF Executing endpoint '405 HTTP Method Not Supported'
][2023-03-15 14:11:11.308 -05:00 INF Executed endpoint '405 HTTP Method Not Supported'
][2023-03-15 14:11:11.367 -05:00 INF Executing endpoint 'API.Controllers.ErrrosController.Error (API)'
][2023-03-15 14:11:11.394 -05:00 INF Route matched with {action = "Error", controller = "Errros"}. Executing controller action with signature Microsoft.AspNetCore.Mvc.IActionResult Error(Int32) on controller API.Controllers.ErrrosController (API).
][2023-03-15 14:11:11.410 -05:00 INF Executing ObjectResult, writing value of type 'API.Helpers.Errors.ApiResponse'.
][2023-03-15 14:11:11.462 -05:00 INF Executed action API.Controllers.ErrrosController.Error (API) in 63.4091ms
][2023-03-15 14:11:11.463 -05:00 INF Executed endpoint 'API.Controllers.ErrrosController.Error (API)'
][2023-03-15 14:11:11.464 -05:00 INF Request finished HTTP/1.1 POST http://localhost:5000/api/WeatherForecast - 0 - 405 - application/json;+charset=utf-8 564.1258ms
]